<?xml version="1.0" encoding="UTF-8"?>
<testng-results skipped="0" failed="0" ignored="0" total="1" passed="1">
  <reporter-output>
  </reporter-output>
  <suite name="Suite" duration-ms="553" started-at="2022-02-22T20:46:38 IST" finished-at="2022-02-22T20:46:39 IST">
    <groups>
    </groups>
    <test name="Test" duration-ms="553" started-at="2022-02-22T20:46:38 IST" finished-at="2022-02-22T20:46:39 IST">
      <class name="com.TestRunner.TestRunner">
        <test-method status="PASS" signature="setUpClass()[pri:0, instance:com.TestRunner.TestRunner@782663d3]" name="setUpClass" is-config="true" duration-ms="174" started-at="2022-02-22T20:46:38 IST" finished-at="2022-02-22T20:46:38 IST">
          <reporter-output>
          </reporter-output>
        </test-method> <!-- setUpClass -->
        <test-method status="PASS" signature="feature(cucumber.api.testng.PickleEventWrapper,cucumber.api.testng.CucumberFeatureWrapper)[pri:0, instance:com.TestRunner.TestRunner@782663d3]" name="feature" duration-ms="257" started-at="2022-02-22T20:46:39 IST" data-provider="features" finished-at="2022-02-22T20:46:39 IST">
          <params>
            <param index="0">
              <value>
                <![CDATA["Check google"]]>
              </value>
            </param>
            <param index="1">
              <value>
                <![CDATA["test"]]>
              </value>
            </param>
          </params>
          <reporter-output>
          </reporter-output>
        </test-method> <!-- feature -->
        <test-method status="PASS" signature="tearDownClass()[pri:0, instance:com.TestRunner.TestRunner@782663d3]" name="tearDownClass" is-config="true" duration-ms="12" started-at="2022-02-22T20:46:39 IST" finished-at="2022-02-22T20:46:39 IST">
          <reporter-output>
          </reporter-output>
        </test-method> <!-- tearDownClass -->
      </class> <!-- com.TestRunner.TestRunner -->
    </test> <!-- Test -->
  </suite> <!-- Suite -->
</testng-results>
